D:\DAMP_S\DAMP_PROG\BATTLEINSEA\DEBUG\BATTLEINSEA.EXE
D:\DAMP_S\DAMP_PROG\BATTLEINSEA\DEBUG\BATTLEINSEA.ILK
D:\DAMP_S\DAMP_PROG\BATTLEINSEA\DEBUG\BATTLEINSEA.PDB
D:\DAMP_S\DAMP_PROG\BATTLEINSEA\SOURCE\DEBUG\BATTLEINSEA.EXE.INTERMEDIATE.MANIFEST
D:\damp_S\damp_prog\BattleInSea\Source\Debug\BattleInSea.vcxprojResolveAssemblyReference.cache
D:\damp_S\damp_prog\BattleInSea\Source\Debug\BattleInSea.write.1.tlog
D:\damp_S\damp_prog\BattleInSea\Source\Debug\cl.command.1.tlog
D:\damp_S\damp_prog\BattleInSea\Source\Debug\CL.read.1.tlog
D:\damp_S\damp_prog\BattleInSea\Source\Debug\CL.write.1.tlog
D:\DAMP_S\DAMP_PROG\BATTLEINSEA\SOURCE\DEBUG\FRAMEWORK.OBJ
D:\DAMP_S\DAMP_PROG\BATTLEINSEA\SOURCE\DEBUG\GAME.OBJ
D:\DAMP_S\DAMP_PROG\BATTLEINSEA\SOURCE\DEBUG\GAMEEVENT.OBJ
D:\DAMP_S\DAMP_PROG\BATTLEINSEA\SOURCE\DEBUG\GAMEINTERFACE.OBJ
D:\DAMP_S\DAMP_PROG\BATTLEINSEA\SOURCE\DEBUG\GLOBALS.OBJ
D:\DAMP_S\DAMP_PROG\BATTLEINSEA\SOURCE\DEBUG\LIBRARY.OBJ
D:\DAMP_S\DAMP_PROG\BATTLEINSEA\SOURCE\DEBUG\LIBTEXTURES.OBJ
D:\damp_S\damp_prog\BattleInSea\Source\Debug\link.command.1.tlog
D:\damp_S\damp_prog\BattleInSea\Source\Debug\link.read.1.tlog
D:\damp_S\damp_prog\BattleInSea\Source\Debug\link.write.1.tlog
D:\DAMP_S\DAMP_PROG\BATTLEINSEA\SOURCE\DEBUG\LOADER.OBJ
D:\DAMP_S\DAMP_PROG\BATTLEINSEA\SOURCE\DEBUG\MAIN.OBJ
D:\damp_S\damp_prog\BattleInSea\Source\Debug\mt.command.1.tlog
D:\damp_S\damp_prog\BattleInSea\Source\Debug\mt.read.1.tlog
D:\damp_S\damp_prog\BattleInSea\Source\Debug\mt.write.1.tlog
D:\damp_S\damp_prog\BattleInSea\Source\Debug\vc100.idb
D:\DAMP_S\DAMP_PROG\BATTLEINSEA\SOURCE\DEBUG\VC100.PDB
