C:\USERS\RYSZARD\DOCUMENTS\FRAMEWORK02\LIB\ANGELSCRIPT\LIB\ANGELSCRIPT.LIB
c:\Users\Ryszard\Documents\framework02\lib\angelscript\projects\msvc10\../../lib\angelscript.lib
C:\USERS\RYSZARD\DOCUMENTS\FRAMEWORK02\LIB\ANGELSCRIPT\PROJECTS\MSVC10\RELEASE\AS_ATOMIC.OBJ
C:\USERS\RYSZARD\DOCUMENTS\FRAMEWORK02\LIB\ANGELSCRIPT\PROJECTS\MSVC10\RELEASE\AS_BUILDER.OBJ
C:\USERS\RYSZARD\DOCUMENTS\FRAMEWORK02\LIB\ANGELSCRIPT\PROJECTS\MSVC10\RELEASE\AS_BYTECODE.OBJ
C:\USERS\RYSZARD\DOCUMENTS\FRAMEWORK02\LIB\ANGELSCRIPT\PROJECTS\MSVC10\RELEASE\AS_CALLFUNC.OBJ
C:\USERS\RYSZARD\DOCUMENTS\FRAMEWORK02\LIB\ANGELSCRIPT\PROJECTS\MSVC10\RELEASE\AS_CALLFUNC_MIPS.OBJ
C:\USERS\RYSZARD\DOCUMENTS\FRAMEWORK02\LIB\ANGELSCRIPT\PROJECTS\MSVC10\RELEASE\AS_CALLFUNC_SH4.OBJ
C:\USERS\RYSZARD\DOCUMENTS\FRAMEWORK02\LIB\ANGELSCRIPT\PROJECTS\MSVC10\RELEASE\AS_CALLFUNC_X64_MSVC.OBJ
C:\USERS\RYSZARD\DOCUMENTS\FRAMEWORK02\LIB\ANGELSCRIPT\PROJECTS\MSVC10\RELEASE\AS_CALLFUNC_X86.OBJ
C:\USERS\RYSZARD\DOCUMENTS\FRAMEWORK02\LIB\ANGELSCRIPT\PROJECTS\MSVC10\RELEASE\AS_COMPILER.OBJ
C:\USERS\RYSZARD\DOCUMENTS\FRAMEWORK02\LIB\ANGELSCRIPT\PROJECTS\MSVC10\RELEASE\AS_CONFIGGROUP.OBJ
C:\USERS\RYSZARD\DOCUMENTS\FRAMEWORK02\LIB\ANGELSCRIPT\PROJECTS\MSVC10\RELEASE\AS_CONTEXT.OBJ
C:\USERS\RYSZARD\DOCUMENTS\FRAMEWORK02\LIB\ANGELSCRIPT\PROJECTS\MSVC10\RELEASE\AS_DATATYPE.OBJ
C:\USERS\RYSZARD\DOCUMENTS\FRAMEWORK02\LIB\ANGELSCRIPT\PROJECTS\MSVC10\RELEASE\AS_GC.OBJ
C:\USERS\RYSZARD\DOCUMENTS\FRAMEWORK02\LIB\ANGELSCRIPT\PROJECTS\MSVC10\RELEASE\AS_GENERIC.OBJ
C:\USERS\RYSZARD\DOCUMENTS\FRAMEWORK02\LIB\ANGELSCRIPT\PROJECTS\MSVC10\RELEASE\AS_GLOBALPROPERTY.OBJ
C:\USERS\RYSZARD\DOCUMENTS\FRAMEWORK02\LIB\ANGELSCRIPT\PROJECTS\MSVC10\RELEASE\AS_MEMORY.OBJ
C:\USERS\RYSZARD\DOCUMENTS\FRAMEWORK02\LIB\ANGELSCRIPT\PROJECTS\MSVC10\RELEASE\AS_MODULE.OBJ
C:\USERS\RYSZARD\DOCUMENTS\FRAMEWORK02\LIB\ANGELSCRIPT\PROJECTS\MSVC10\RELEASE\AS_OBJECTTYPE.OBJ
C:\USERS\RYSZARD\DOCUMENTS\FRAMEWORK02\LIB\ANGELSCRIPT\PROJECTS\MSVC10\RELEASE\AS_OUTPUTBUFFER.OBJ
C:\USERS\RYSZARD\DOCUMENTS\FRAMEWORK02\LIB\ANGELSCRIPT\PROJECTS\MSVC10\RELEASE\AS_PARSER.OBJ
C:\USERS\RYSZARD\DOCUMENTS\FRAMEWORK02\LIB\ANGELSCRIPT\PROJECTS\MSVC10\RELEASE\AS_RESTORE.OBJ
C:\USERS\RYSZARD\DOCUMENTS\FRAMEWORK02\LIB\ANGELSCRIPT\PROJECTS\MSVC10\RELEASE\AS_SCRIPTCODE.OBJ
C:\USERS\RYSZARD\DOCUMENTS\FRAMEWORK02\LIB\ANGELSCRIPT\PROJECTS\MSVC10\RELEASE\AS_SCRIPTENGINE.OBJ
C:\USERS\RYSZARD\DOCUMENTS\FRAMEWORK02\LIB\ANGELSCRIPT\PROJECTS\MSVC10\RELEASE\AS_SCRIPTFUNCTION.OBJ
C:\USERS\RYSZARD\DOCUMENTS\FRAMEWORK02\LIB\ANGELSCRIPT\PROJECTS\MSVC10\RELEASE\AS_SCRIPTNODE.OBJ
C:\USERS\RYSZARD\DOCUMENTS\FRAMEWORK02\LIB\ANGELSCRIPT\PROJECTS\MSVC10\RELEASE\AS_SCRIPTOBJECT.OBJ
C:\USERS\RYSZARD\DOCUMENTS\FRAMEWORK02\LIB\ANGELSCRIPT\PROJECTS\MSVC10\RELEASE\AS_STRING.OBJ
C:\USERS\RYSZARD\DOCUMENTS\FRAMEWORK02\LIB\ANGELSCRIPT\PROJECTS\MSVC10\RELEASE\AS_STRING_UTIL.OBJ
C:\USERS\RYSZARD\DOCUMENTS\FRAMEWORK02\LIB\ANGELSCRIPT\PROJECTS\MSVC10\RELEASE\AS_THREAD.OBJ
C:\USERS\RYSZARD\DOCUMENTS\FRAMEWORK02\LIB\ANGELSCRIPT\PROJECTS\MSVC10\RELEASE\AS_TOKENIZER.OBJ
C:\USERS\RYSZARD\DOCUMENTS\FRAMEWORK02\LIB\ANGELSCRIPT\PROJECTS\MSVC10\RELEASE\AS_TYPEINFO.OBJ
C:\USERS\RYSZARD\DOCUMENTS\FRAMEWORK02\LIB\ANGELSCRIPT\PROJECTS\MSVC10\RELEASE\AS_VARIABLESCOPE.OBJ
c:\Users\Ryszard\Documents\framework02\lib\angelscript\projects\msvc10\Release\cl.command.1.tlog
c:\Users\Ryszard\Documents\framework02\lib\angelscript\projects\msvc10\Release\CL.read.1.tlog
c:\Users\Ryszard\Documents\framework02\lib\angelscript\projects\msvc10\Release\CL.write.1.tlog
c:\Users\Ryszard\Documents\framework02\lib\angelscript\projects\msvc10\Release\lib.command.1.tlog
c:\Users\Ryszard\Documents\framework02\lib\angelscript\projects\msvc10\Release\Lib-link.2960.read.1.tlog
c:\Users\Ryszard\Documents\framework02\lib\angelscript\projects\msvc10\Release\Lib-link.2960.write.1.tlog
c:\Users\Ryszard\Documents\framework02\lib\angelscript\projects\msvc10\Release\Lib-link.4084.read.1.tlog
c:\Users\Ryszard\Documents\framework02\lib\angelscript\projects\msvc10\Release\Lib-link.4084.write.1.tlog
c:\Users\Ryszard\Documents\framework02\lib\angelscript\projects\msvc10\Release\Lib-link.4584.read.1.tlog
c:\Users\Ryszard\Documents\framework02\lib\angelscript\projects\msvc10\Release\Lib-link.4584.write.1.tlog
c:\Users\Ryszard\Documents\framework02\lib\angelscript\projects\msvc10\Release\Lib-link.read.1.tlog
c:\Users\Ryszard\Documents\framework02\lib\angelscript\projects\msvc10\Release\Lib-link.write.1.tlog
C:\USERS\RYSZARD\DOCUMENTS\FRAMEWORK02\LIB\ANGELSCRIPT\PROJECTS\MSVC10\RELEASE\VC100.PDB
H:\FRAMEWIORK\LIB\ANGELSCRIPT\LIB\ANGELSCRIPT.LIB
H:\FRAMEWIORK\LIB\ANGELSCRIPT\PROJECTS\MSVC10\RELEASE\AS_ATOMIC.OBJ
H:\FRAMEWIORK\LIB\ANGELSCRIPT\PROJECTS\MSVC10\RELEASE\AS_BUILDER.OBJ
H:\FRAMEWIORK\LIB\ANGELSCRIPT\PROJECTS\MSVC10\RELEASE\AS_BYTECODE.OBJ
H:\FRAMEWIORK\LIB\ANGELSCRIPT\PROJECTS\MSVC10\RELEASE\AS_CALLFUNC.OBJ
H:\FRAMEWIORK\LIB\ANGELSCRIPT\PROJECTS\MSVC10\RELEASE\AS_CALLFUNC_MIPS.OBJ
H:\FRAMEWIORK\LIB\ANGELSCRIPT\PROJECTS\MSVC10\RELEASE\AS_CALLFUNC_SH4.OBJ
H:\FRAMEWIORK\LIB\ANGELSCRIPT\PROJECTS\MSVC10\RELEASE\AS_CALLFUNC_X64_MSVC.OBJ
H:\FRAMEWIORK\LIB\ANGELSCRIPT\PROJECTS\MSVC10\RELEASE\AS_CALLFUNC_X86.OBJ
H:\FRAMEWIORK\LIB\ANGELSCRIPT\PROJECTS\MSVC10\RELEASE\AS_COMPILER.OBJ
H:\FRAMEWIORK\LIB\ANGELSCRIPT\PROJECTS\MSVC10\RELEASE\AS_CONFIGGROUP.OBJ
H:\FRAMEWIORK\LIB\ANGELSCRIPT\PROJECTS\MSVC10\RELEASE\AS_CONTEXT.OBJ
H:\FRAMEWIORK\LIB\ANGELSCRIPT\PROJECTS\MSVC10\RELEASE\AS_DATATYPE.OBJ
H:\FRAMEWIORK\LIB\ANGELSCRIPT\PROJECTS\MSVC10\RELEASE\AS_GC.OBJ
H:\FRAMEWIORK\LIB\ANGELSCRIPT\PROJECTS\MSVC10\RELEASE\AS_GENERIC.OBJ
H:\FRAMEWIORK\LIB\ANGELSCRIPT\PROJECTS\MSVC10\RELEASE\AS_GLOBALPROPERTY.OBJ
H:\FRAMEWIORK\LIB\ANGELSCRIPT\PROJECTS\MSVC10\RELEASE\AS_MEMORY.OBJ
H:\FRAMEWIORK\LIB\ANGELSCRIPT\PROJECTS\MSVC10\RELEASE\AS_MODULE.OBJ
H:\FRAMEWIORK\LIB\ANGELSCRIPT\PROJECTS\MSVC10\RELEASE\AS_OBJECTTYPE.OBJ
H:\FRAMEWIORK\LIB\ANGELSCRIPT\PROJECTS\MSVC10\RELEASE\AS_OUTPUTBUFFER.OBJ
H:\FRAMEWIORK\LIB\ANGELSCRIPT\PROJECTS\MSVC10\RELEASE\AS_PARSER.OBJ
H:\FRAMEWIORK\LIB\ANGELSCRIPT\PROJECTS\MSVC10\RELEASE\AS_RESTORE.OBJ
H:\FRAMEWIORK\LIB\ANGELSCRIPT\PROJECTS\MSVC10\RELEASE\AS_SCRIPTCODE.OBJ
H:\FRAMEWIORK\LIB\ANGELSCRIPT\PROJECTS\MSVC10\RELEASE\AS_SCRIPTENGINE.OBJ
H:\FRAMEWIORK\LIB\ANGELSCRIPT\PROJECTS\MSVC10\RELEASE\AS_SCRIPTFUNCTION.OBJ
H:\FRAMEWIORK\LIB\ANGELSCRIPT\PROJECTS\MSVC10\RELEASE\AS_SCRIPTNODE.OBJ
H:\FRAMEWIORK\LIB\ANGELSCRIPT\PROJECTS\MSVC10\RELEASE\AS_SCRIPTOBJECT.OBJ
H:\FRAMEWIORK\LIB\ANGELSCRIPT\PROJECTS\MSVC10\RELEASE\AS_STRING.OBJ
H:\FRAMEWIORK\LIB\ANGELSCRIPT\PROJECTS\MSVC10\RELEASE\AS_STRING_UTIL.OBJ
H:\FRAMEWIORK\LIB\ANGELSCRIPT\PROJECTS\MSVC10\RELEASE\AS_THREAD.OBJ
H:\FRAMEWIORK\LIB\ANGELSCRIPT\PROJECTS\MSVC10\RELEASE\AS_TOKENIZER.OBJ
H:\FRAMEWIORK\LIB\ANGELSCRIPT\PROJECTS\MSVC10\RELEASE\AS_TYPEINFO.OBJ
H:\FRAMEWIORK\LIB\ANGELSCRIPT\PROJECTS\MSVC10\RELEASE\AS_VARIABLESCOPE.OBJ
H:\FRAMEWIORK\LIB\ANGELSCRIPT\PROJECTS\MSVC10\RELEASE\VC100.PDB
