Build started 2013-01-23 20:50:46.
     1>Project "c:\Users\Ryszard\Documents\framework02\lib\angelscript\samples\game\projects\msvc9\msvc9.vcxproj" on node 2 (build target(s)).
     1>InitializeBuildStatus:
         Creating ".\Debug\msvc9.unsuccessfulbuild" because "AlwaysCreate" was specified.
       ClCompile:
         c:\Program Files (x86)\Microsoft Visual Studio 10.0\VC\bin\CL.exe /c /I../../../../angelscript/include /ZI /nologo /W3 /WX- /Od /Oy- /D WIN32 /D _DEBUG /D _CONSOLE /D _VC80_UPGRADE=0x0710 /D _MBCS /Gm- /EHsc /RTC1 /MTd /GS /fp:precise /Zc:wchar_t /Zc:forScope /Fo".\Debug/" /Fd".\Debug/vc100.pdb" /Gd /TP /analyze- /errorReport:prompt ..\..\source\gamemgr.cpp ..\..\source\gameobj.cpp ..\..\source\main.cpp ..\..\..\..\add_on\scriptbuilder\scriptbuilder.cpp ..\..\..\..\add_on\scripthandle\scripthandle.cpp ..\..\source\scriptmgr.cpp ..\..\..\..\add_on\scriptstdstring\scriptstdstring.cpp
         gamemgr.cpp
     1>c:\users\ryszard\documents\framework02\lib\angelscript\samples\game\source\gameobj.h(5): fatal error C1083: Cannot open include file: 'angelscript.h': No such file or directory
         gameobj.cpp
     1>c:\users\ryszard\documents\framework02\lib\angelscript\samples\game\source\gameobj.h(5): fatal error C1083: Cannot open include file: 'angelscript.h': No such file or directory
         main.cpp
     1>c:\users\ryszard\documents\framework02\lib\angelscript\samples\game\source\main.cpp(3): fatal error C1083: Cannot open include file: 'angelscript.h': No such file or directory
         scriptbuilder.cpp
     1>c1xx : fatal error C1083: Cannot open source file: '..\..\..\..\add_on\scriptbuilder\scriptbuilder.cpp': No such file or directory
         scripthandle.cpp
     1>c1xx : fatal error C1083: Cannot open source file: '..\..\..\..\add_on\scripthandle\scripthandle.cpp': No such file or directory
         scriptmgr.cpp
     1>c:\users\ryszard\documents\framework02\lib\angelscript\samples\game\source\scriptmgr.h(6): fatal error C1083: Cannot open include file: 'angelscript.h': No such file or directory
         scriptstdstring.cpp
     1>c1xx : fatal error C1083: Cannot open source file: '..\..\..\..\add_on\scriptstdstring\scriptstdstring.cpp': No such file or directory
         Generating Code...
     1>Done Building Project "c:\Users\Ryszard\Documents\framework02\lib\angelscript\samples\game\projects\msvc9\msvc9.vcxproj" (build target(s)) -- FAILED.

Build FAILED.

Time Elapsed 00:00:34.16
